{"/Users/udavig4/Git/coach-mark/src/js/component-owner.js": {"path":"/Users/udavig4/Git/coach-mark/src/js/component-owner.js","statementMap":{"0":{"start":{"line":15,"column":2},"end":{"line":24,"column":14}},"1":{"start":{"line":16,"column":4},"end":{"line":23,"column":5}},"2":{"start":{"line":17,"column":6},"end":{"line":17,"column":17}},"3":{"start":{"line":19,"column":16},"end":{"line":19,"column":34}},"4":{"start":{"line":20,"column":12},"end":{"line":20,"column":30}},"5":{"start":{"line":21,"column":6},"end":{"line":21,"column":17}},"6":{"start":{"line":22,"column":6},"end":{"line":22,"column":28}},"7":{"start":{"line":67,"column":4},"end":{"line":67,"column":17}},"8":{"start":{"line":68,"column":4},"end":{"line":70,"column":6}},"9":{"start":{"line":71,"column":4},"end":{"line":71,"column":49}},"10":{"start":{"line":72,"column":4},"end":{"line":72,"column":55}},"11":{"start":{"line":73,"column":4},"end":{"line":73,"column":61}},"12":{"start":{"line":77,"column":4},"end":{"line":79,"column":5}},"13":{"start":{"line":78,"column":6},"end":{"line":78,"column":60}},"14":{"start":{"line":81,"column":4},"end":{"line":83,"column":5}},"15":{"start":{"line":82,"column":6},"end":{"line":82,"column":46}},"16":{"start":{"line":85,"column":4},"end":{"line":85,"column":58}},"17":{"start":{"line":89,"column":4},"end":{"line":89,"column":61}},"18":{"start":{"line":90,"column":4},"end":{"line":90,"column":56}},"19":{"start":{"line":93,"column":4},"end":{"line":95,"column":5}},"20":{"start":{"line":94,"column":6},"end":{"line":94,"column":34}},"21":{"start":{"line":97,"column":4},"end":{"line":97,"column":59}},"22":{"start":{"line":99,"column":4},"end":{"line":101,"column":5}},"23":{"start":{"line":100,"column":6},"end":{"line":100,"column":39}},"24":{"start":{"line":103,"column":4},"end":{"line":108,"column":5}},"25":{"start":{"line":105,"column":6},"end":{"line":107,"column":12}},"26":{"start":{"line":106,"column":8},"end":{"line":106,"column":66}},"27":{"start":{"line":110,"column":4},"end":{"line":110,"column":25}},"28":{"start":{"line":111,"column":4},"end":{"line":111,"column":51}},"29":{"start":{"line":115,"column":4},"end":{"line":115,"column":61}},"30":{"start":{"line":116,"column":4},"end":{"line":116,"column":62}},"31":{"start":{"line":117,"column":4},"end":{"line":117,"column":61}},"32":{"start":{"line":119,"column":4},"end":{"line":121,"column":5}},"33":{"start":{"line":120,"column":6},"end":{"line":120,"column":67}},"34":{"start":{"line":122,"column":4},"end":{"line":122,"column":47}},"35":{"start":{"line":126,"column":4},"end":{"line":128,"column":5}},"36":{"start":{"line":127,"column":6},"end":{"line":127,"column":24}},"37":{"start":{"line":132,"column":4},"end":{"line":137,"column":5}},"38":{"start":{"line":134,"column":6},"end":{"line":134,"column":24}},"39":{"start":{"line":136,"column":6},"end":{"line":136,"column":18}},"40":{"start":{"line":141,"column":23},"end":{"line":141,"column":33}},"41":{"start":{"line":144,"column":23},"end":{"line":144,"column":53}},"42":{"start":{"line":145,"column":24},"end":{"line":150,"column":7}},"43":{"start":{"line":152,"column":8},"end":{"line":153,"column":28}},"44":{"start":{"line":155,"column":24},"end":{"line":171,"column":5}},"45":{"start":{"line":157,"column":6},"end":{"line":170,"column":7}},"46":{"start":{"line":158,"column":8},"end":{"line":158,"column":41}},"47":{"start":{"line":161,"column":13},"end":{"line":170,"column":7}},"48":{"start":{"line":162,"column":8},"end":{"line":162,"column":65}},"49":{"start":{"line":166,"column":8},"end":{"line":169,"column":10}},"50":{"start":{"line":173,"column":27},"end":{"line":178,"column":5}},"51":{"start":{"line":176,"column":8},"end":{"line":176,"column":79}},"52":{"start":{"line":177,"column":6},"end":{"line":177,"column":58}},"53":{"start":{"line":181,"column":17},"end":{"line":181,"column":75}},"54":{"start":{"line":182,"column":22},"end":{"line":182,"column":41}},"55":{"start":{"line":184,"column":22},"end":{"line":202,"column":5}},"56":{"start":{"line":185,"column":6},"end":{"line":201,"column":7}},"57":{"start":{"line":186,"column":8},"end":{"line":186,"column":42}},"58":{"start":{"line":187,"column":13},"end":{"line":201,"column":7}},"59":{"start":{"line":188,"column":8},"end":{"line":198,"column":9}},"60":{"start":{"line":189,"column":10},"end":{"line":189,"column":53}},"61":{"start":{"line":190,"column":10},"end":{"line":194,"column":12}},"62":{"start":{"line":196,"column":10},"end":{"line":196,"column":50}},"63":{"start":{"line":197,"column":10},"end":{"line":197,"column":67}},"64":{"start":{"line":200,"column":8},"end":{"line":200,"column":65}},"65":{"start":{"line":204,"column":16},"end":{"line":204,"column":27}},"66":{"start":{"line":207,"column":4},"end":{"line":207,"column":65}},"67":{"start":{"line":208,"column":4},"end":{"line":208,"column":63}},"68":{"start":{"line":211,"column":17},"end":{"line":211,"column":62}},"69":{"start":{"line":212,"column":4},"end":{"line":214,"column":5}},"70":{"start":{"line":213,"column":6},"end":{"line":213,"column":71}},"71":{"start":{"line":217,"column":4},"end":{"line":236,"column":5}},"72":{"start":{"line":218,"column":6},"end":{"line":235,"column":7}},"73":{"start":{"line":219,"column":8},"end":{"line":219,"column":68}},"74":{"start":{"line":220,"column":8},"end":{"line":220,"column":44}},"75":{"start":{"line":221,"column":8},"end":{"line":221,"column":52}},"76":{"start":{"line":222,"column":8},"end":{"line":231,"column":9}},"77":{"start":{"line":226,"column":10},"end":{"line":226,"column":45}},"78":{"start":{"line":227,"column":10},"end":{"line":227,"column":48}},"79":{"start":{"line":229,"column":10},"end":{"line":229,"column":70}},"80":{"start":{"line":230,"column":10},"end":{"line":230,"column":46}},"81":{"start":{"line":233,"column":8},"end":{"line":233,"column":30}},"82":{"start":{"line":234,"column":8},"end":{"line":234,"column":55}},"83":{"start":{"line":239,"column":4},"end":{"line":251,"column":5}},"84":{"start":{"line":240,"column":6},"end":{"line":241,"column":66}},"85":{"start":{"line":242,"column":6},"end":{"line":242,"column":51}},"86":{"start":{"line":243,"column":6},"end":{"line":248,"column":7}},"87":{"start":{"line":244,"column":8},"end":{"line":244,"column":45}},"88":{"start":{"line":246,"column":8},"end":{"line":247,"column":68}},"89":{"start":{"line":250,"column":6},"end":{"line":250,"column":54}},"90":{"start":{"line":256,"column":4},"end":{"line":258,"column":5}},"91":{"start":{"line":257,"column":6},"end":{"line":257,"column":16}},"92":{"start":{"line":260,"column":17},"end":{"line":260,"column":58}},"93":{"start":{"line":262,"column":8},"end":{"line":263,"column":30}},"94":{"start":{"line":264,"column":23},"end":{"line":264,"column":73}},"95":{"start":{"line":267,"column":4},"end":{"line":277,"column":5}},"96":{"start":{"line":268,"column":6},"end":{"line":268,"column":38}},"97":{"start":{"line":269,"column":11},"end":{"line":277,"column":5}},"98":{"start":{"line":270,"column":6},"end":{"line":270,"column":41}},"99":{"start":{"line":271,"column":11},"end":{"line":277,"column":5}},"100":{"start":{"line":272,"column":6},"end":{"line":272,"column":51}},"101":{"start":{"line":273,"column":11},"end":{"line":277,"column":5}},"102":{"start":{"line":274,"column":6},"end":{"line":274,"column":50}},"103":{"start":{"line":276,"column":6},"end":{"line":276,"column":78}},"104":{"start":{"line":278,"column":4},"end":{"line":280,"column":5}},"105":{"start":{"line":279,"column":6},"end":{"line":279,"column":33}},"106":{"start":{"line":281,"column":4},"end":{"line":281,"column":21}},"107":{"start":{"line":285,"column":4},"end":{"line":292,"column":5}},"108":{"start":{"line":286,"column":6},"end":{"line":286,"column":40}},"109":{"start":{"line":287,"column":6},"end":{"line":289,"column":14}},"110":{"start":{"line":288,"column":8},"end":{"line":288,"column":29}},"111":{"start":{"line":291,"column":6},"end":{"line":291,"column":27}},"112":{"start":{"line":296,"column":22},"end":{"line":296,"column":41}},"113":{"start":{"line":297,"column":4},"end":{"line":383,"column":6}},"114":{"start":{"line":306,"column":12},"end":{"line":306,"column":34}},"115":{"start":{"line":320,"column":14},"end":{"line":320,"column":43}},"116":{"start":{"line":336,"column":30},"end":{"line":336,"column":50}},"117":{"start":{"line":353,"column":16},"end":{"line":353,"column":36}},"118":{"start":{"line":374,"column":32},"end":{"line":374,"column":54}}},"fnMap":{"0":{"name":"focusWithTimeout","decl":{"start":{"line":14,"column":9},"end":{"line":14,"column":25}},"loc":{"start":{"line":14,"column":50},"end":{"line":25,"column":1}},"line":14},"1":{"name":"(anonymous_1)","decl":{"start":{"line":15,"column":13},"end":{"line":15,"column":14}},"loc":{"start":{"line":15,"column":19},"end":{"line":24,"column":3}},"line":15},"2":{"name":"(anonymous_2)","decl":{"start":{"line":66,"column":2},"end":{"line":66,"column":3}},"loc":{"start":{"line":66,"column":21},"end":{"line":74,"column":3}},"line":66},"3":{"name":"(anonymous_3)","decl":{"start":{"line":76,"column":2},"end":{"line":76,"column":3}},"loc":{"start":{"line":76,"column":23},"end":{"line":86,"column":3}},"line":76},"4":{"name":"(anonymous_4)","decl":{"start":{"line":88,"column":2},"end":{"line":88,"column":3}},"loc":{"start":{"line":88,"column":22},"end":{"line":112,"column":3}},"line":88},"5":{"name":"(anonymous_5)","decl":{"start":{"line":105,"column":17},"end":{"line":105,"column":18}},"loc":{"start":{"line":105,"column":23},"end":{"line":107,"column":7}},"line":105},"6":{"name":"(anonymous_6)","decl":{"start":{"line":114,"column":2},"end":{"line":114,"column":3}},"loc":{"start":{"line":114,"column":25},"end":{"line":123,"column":3}},"line":114},"7":{"name":"(anonymous_7)","decl":{"start":{"line":125,"column":2},"end":{"line":125,"column":3}},"loc":{"start":{"line":125,"column":26},"end":{"line":129,"column":3}},"line":125},"8":{"name":"(anonymous_8)","decl":{"start":{"line":131,"column":2},"end":{"line":131,"column":3}},"loc":{"start":{"line":131,"column":18},"end":{"line":138,"column":3}},"line":131},"9":{"name":"(anonymous_9)","decl":{"start":{"line":140,"column":18},"end":{"line":140,"column":19}},"loc":{"start":{"line":140,"column":24},"end":{"line":252,"column":3}},"line":140},"10":{"name":"(anonymous_10)","decl":{"start":{"line":155,"column":24},"end":{"line":155,"column":25}},"loc":{"start":{"line":155,"column":30},"end":{"line":171,"column":5}},"line":155},"11":{"name":"(anonymous_11)","decl":{"start":{"line":173,"column":27},"end":{"line":173,"column":28}},"loc":{"start":{"line":173,"column":33},"end":{"line":178,"column":5}},"line":173},"12":{"name":"(anonymous_12)","decl":{"start":{"line":184,"column":22},"end":{"line":184,"column":23}},"loc":{"start":{"line":184,"column":28},"end":{"line":202,"column":5}},"line":184},"13":{"name":"(anonymous_13)","decl":{"start":{"line":255,"column":17},"end":{"line":255,"column":18}},"loc":{"start":{"line":255,"column":23},"end":{"line":282,"column":3}},"line":255},"14":{"name":"(anonymous_14)","decl":{"start":{"line":284,"column":2},"end":{"line":284,"column":3}},"loc":{"start":{"line":284,"column":15},"end":{"line":293,"column":3}},"line":284},"15":{"name":"(anonymous_15)","decl":{"start":{"line":287,"column":17},"end":{"line":287,"column":18}},"loc":{"start":{"line":287,"column":23},"end":{"line":289,"column":7}},"line":287},"16":{"name":"(anonymous_16)","decl":{"start":{"line":295,"column":2},"end":{"line":295,"column":3}},"loc":{"start":{"line":295,"column":11},"end":{"line":384,"column":3}},"line":295},"17":{"name":"(anonymous_17)","decl":{"start":{"line":305,"column":15},"end":{"line":305,"column":16}},"loc":{"start":{"line":305,"column":23},"end":{"line":307,"column":11}},"line":305},"18":{"name":"(anonymous_18)","decl":{"start":{"line":319,"column":17},"end":{"line":319,"column":18}},"loc":{"start":{"line":319,"column":25},"end":{"line":321,"column":13}},"line":319},"19":{"name":"(anonymous_19)","decl":{"start":{"line":336,"column":21},"end":{"line":336,"column":22}},"loc":{"start":{"line":336,"column":30},"end":{"line":336,"column":50}},"line":336},"20":{"name":"(anonymous_20)","decl":{"start":{"line":352,"column":19},"end":{"line":352,"column":20}},"loc":{"start":{"line":352,"column":27},"end":{"line":354,"column":15}},"line":352},"21":{"name":"(anonymous_21)","decl":{"start":{"line":374,"column":23},"end":{"line":374,"column":24}},"loc":{"start":{"line":374,"column":32},"end":{"line":374,"column":54}},"line":374}},"branchMap":{"0":{"loc":{"start":{"line":14,"column":37},"end":{"line":14,"column":48}},"type":"default-arg","locations":[{"start":{"line":14,"column":47},"end":{"line":14,"column":48}}],"line":14},"1":{"loc":{"start":{"line":16,"column":4},"end":{"line":23,"column":5}},"type":"if","locations":[{"start":{"line":16,"column":4},"end":{"line":23,"column":5}},{"start":{"line":16,"column":4},"end":{"line":23,"column":5}}],"line":16},"2":{"loc":{"start":{"line":77,"column":4},"end":{"line":79,"column":5}},"type":"if","locations":[{"start":{"line":77,"column":4},"end":{"line":79,"column":5}},{"start":{"line":77,"column":4},"end":{"line":79,"column":5}}],"line":77},"3":{"loc":{"start":{"line":81,"column":4},"end":{"line":83,"column":5}},"type":"if","locations":[{"start":{"line":81,"column":4},"end":{"line":83,"column":5}},{"start":{"line":81,"column":4},"end":{"line":83,"column":5}}],"line":81},"4":{"loc":{"start":{"line":90,"column":23},"end":{"line":90,"column":55}},"type":"binary-expr","locations":[{"start":{"line":90,"column":23},"end":{"line":90,"column":38}},{"start":{"line":90,"column":42},"end":{"line":90,"column":55}}],"line":90},"5":{"loc":{"start":{"line":93,"column":4},"end":{"line":95,"column":5}},"type":"if","locations":[{"start":{"line":93,"column":4},"end":{"line":95,"column":5}},{"start":{"line":93,"column":4},"end":{"line":95,"column":5}}],"line":93},"6":{"loc":{"start":{"line":99,"column":4},"end":{"line":101,"column":5}},"type":"if","locations":[{"start":{"line":99,"column":4},"end":{"line":101,"column":5}},{"start":{"line":99,"column":4},"end":{"line":101,"column":5}}],"line":99},"7":{"loc":{"start":{"line":103,"column":4},"end":{"line":108,"column":5}},"type":"if","locations":[{"start":{"line":103,"column":4},"end":{"line":108,"column":5}},{"start":{"line":103,"column":4},"end":{"line":108,"column":5}}],"line":103},"8":{"loc":{"start":{"line":119,"column":4},"end":{"line":121,"column":5}},"type":"if","locations":[{"start":{"line":119,"column":4},"end":{"line":121,"column":5}},{"start":{"line":119,"column":4},"end":{"line":121,"column":5}}],"line":119},"9":{"loc":{"start":{"line":126,"column":4},"end":{"line":128,"column":5}},"type":"if","locations":[{"start":{"line":126,"column":4},"end":{"line":128,"column":5}},{"start":{"line":126,"column":4},"end":{"line":128,"column":5}}],"line":126},"10":{"loc":{"start":{"line":132,"column":4},"end":{"line":137,"column":5}},"type":"if","locations":[{"start":{"line":132,"column":4},"end":{"line":137,"column":5}},{"start":{"line":132,"column":4},"end":{"line":137,"column":5}}],"line":132},"11":{"loc":{"start":{"line":157,"column":6},"end":{"line":170,"column":7}},"type":"if","locations":[{"start":{"line":157,"column":6},"end":{"line":170,"column":7}},{"start":{"line":157,"column":6},"end":{"line":170,"column":7}}],"line":157},"12":{"loc":{"start":{"line":161,"column":13},"end":{"line":170,"column":7}},"type":"if","locations":[{"start":{"line":161,"column":13},"end":{"line":170,"column":7}},{"start":{"line":161,"column":13},"end":{"line":170,"column":7}}],"line":161},"13":{"loc":{"start":{"line":168,"column":11},"end":{"line":168,"column":62}},"type":"cond-expr","locations":[{"start":{"line":168,"column":54},"end":{"line":168,"column":56}},{"start":{"line":168,"column":59},"end":{"line":168,"column":62}}],"line":168},"14":{"loc":{"start":{"line":181,"column":17},"end":{"line":181,"column":75}},"type":"cond-expr","locations":[{"start":{"line":181,"column":43},"end":{"line":181,"column":56}},{"start":{"line":181,"column":59},"end":{"line":181,"column":75}}],"line":181},"15":{"loc":{"start":{"line":185,"column":6},"end":{"line":201,"column":7}},"type":"if","locations":[{"start":{"line":185,"column":6},"end":{"line":201,"column":7}},{"start":{"line":185,"column":6},"end":{"line":201,"column":7}}],"line":185},"16":{"loc":{"start":{"line":187,"column":13},"end":{"line":201,"column":7}},"type":"if","locations":[{"start":{"line":187,"column":13},"end":{"line":201,"column":7}},{"start":{"line":187,"column":13},"end":{"line":201,"column":7}}],"line":187},"17":{"loc":{"start":{"line":188,"column":8},"end":{"line":198,"column":9}},"type":"if","locations":[{"start":{"line":188,"column":8},"end":{"line":198,"column":9}},{"start":{"line":188,"column":8},"end":{"line":198,"column":9}}],"line":188},"18":{"loc":{"start":{"line":212,"column":4},"end":{"line":214,"column":5}},"type":"if","locations":[{"start":{"line":212,"column":4},"end":{"line":214,"column":5}},{"start":{"line":212,"column":4},"end":{"line":214,"column":5}}],"line":212},"19":{"loc":{"start":{"line":217,"column":4},"end":{"line":236,"column":5}},"type":"if","locations":[{"start":{"line":217,"column":4},"end":{"line":236,"column":5}},{"start":{"line":217,"column":4},"end":{"line":236,"column":5}}],"line":217},"20":{"loc":{"start":{"line":218,"column":6},"end":{"line":235,"column":7}},"type":"if","locations":[{"start":{"line":218,"column":6},"end":{"line":235,"column":7}},{"start":{"line":218,"column":6},"end":{"line":235,"column":7}}],"line":218},"21":{"loc":{"start":{"line":222,"column":8},"end":{"line":231,"column":9}},"type":"if","locations":[{"start":{"line":222,"column":8},"end":{"line":231,"column":9}},{"start":{"line":222,"column":8},"end":{"line":231,"column":9}}],"line":222},"22":{"loc":{"start":{"line":239,"column":4},"end":{"line":251,"column":5}},"type":"if","locations":[{"start":{"line":239,"column":4},"end":{"line":251,"column":5}},{"start":{"line":239,"column":4},"end":{"line":251,"column":5}}],"line":239},"23":{"loc":{"start":{"line":243,"column":6},"end":{"line":248,"column":7}},"type":"if","locations":[{"start":{"line":243,"column":6},"end":{"line":248,"column":7}},{"start":{"line":243,"column":6},"end":{"line":248,"column":7}}],"line":243},"24":{"loc":{"start":{"line":256,"column":4},"end":{"line":258,"column":5}},"type":"if","locations":[{"start":{"line":256,"column":4},"end":{"line":258,"column":5}},{"start":{"line":256,"column":4},"end":{"line":258,"column":5}}],"line":256},"25":{"loc":{"start":{"line":267,"column":4},"end":{"line":277,"column":5}},"type":"if","locations":[{"start":{"line":267,"column":4},"end":{"line":277,"column":5}},{"start":{"line":267,"column":4},"end":{"line":277,"column":5}}],"line":267},"26":{"loc":{"start":{"line":269,"column":11},"end":{"line":277,"column":5}},"type":"if","locations":[{"start":{"line":269,"column":11},"end":{"line":277,"column":5}},{"start":{"line":269,"column":11},"end":{"line":277,"column":5}}],"line":269},"27":{"loc":{"start":{"line":271,"column":11},"end":{"line":277,"column":5}},"type":"if","locations":[{"start":{"line":271,"column":11},"end":{"line":277,"column":5}},{"start":{"line":271,"column":11},"end":{"line":277,"column":5}}],"line":271},"28":{"loc":{"start":{"line":273,"column":11},"end":{"line":277,"column":5}},"type":"if","locations":[{"start":{"line":273,"column":11},"end":{"line":277,"column":5}},{"start":{"line":273,"column":11},"end":{"line":277,"column":5}}],"line":273},"29":{"loc":{"start":{"line":276,"column":18},"end":{"line":276,"column":77}},"type":"cond-expr","locations":[{"start":{"line":276,"column":33},"end":{"line":276,"column":52}},{"start":{"line":276,"column":55},"end":{"line":276,"column":77}}],"line":276},"30":{"loc":{"start":{"line":278,"column":4},"end":{"line":280,"column":5}},"type":"if","locations":[{"start":{"line":278,"column":4},"end":{"line":280,"column":5}},{"start":{"line":278,"column":4},"end":{"line":280,"column":5}}],"line":278},"31":{"loc":{"start":{"line":285,"column":4},"end":{"line":292,"column":5}},"type":"if","locations":[{"start":{"line":285,"column":4},"end":{"line":292,"column":5}},{"start":{"line":285,"column":4},"end":{"line":292,"column":5}}],"line":285},"32":{"loc":{"start":{"line":299,"column":19},"end":{"line":299,"column":44}},"type":"cond-expr","locations":[{"start":{"line":299,"column":35},"end":{"line":299,"column":39}},{"start":{"line":299,"column":42},"end":{"line":299,"column":44}}],"line":299},"33":{"loc":{"start":{"line":310,"column":12},"end":{"line":314,"column":43}},"type":"cond-expr","locations":[{"start":{"line":311,"column":16},"end":{"line":311,"column":57}},{"start":{"line":312,"column":16},"end":{"line":314,"column":43}}],"line":310},"34":{"loc":{"start":{"line":312,"column":16},"end":{"line":314,"column":43}},"type":"cond-expr","locations":[{"start":{"line":313,"column":18},"end":{"line":313,"column":60}},{"start":{"line":314,"column":18},"end":{"line":314,"column":43}}],"line":312},"35":{"loc":{"start":{"line":323,"column":14},"end":{"line":327,"column":61}},"type":"cond-expr","locations":[{"start":{"line":324,"column":18},"end":{"line":324,"column":56}},{"start":{"line":325,"column":18},"end":{"line":327,"column":61}}],"line":323},"36":{"loc":{"start":{"line":325,"column":18},"end":{"line":327,"column":61}},"type":"cond-expr","locations":[{"start":{"line":326,"column":20},"end":{"line":326,"column":61}},{"start":{"line":327,"column":20},"end":{"line":327,"column":61}}],"line":325},"37":{"loc":{"start":{"line":330,"column":13},"end":{"line":350,"column":13}},"type":"cond-expr","locations":[{"start":{"line":331,"column":14},"end":{"line":347,"column":23}},{"start":{"line":349,"column":14},"end":{"line":349,"column":21}}],"line":330},"38":{"loc":{"start":{"line":369,"column":15},"end":{"line":378,"column":15}},"type":"binary-expr","locations":[{"start":{"line":369,"column":15},"end":{"line":369,"column":31}},{"start":{"line":370,"column":16},"end":{"line":377,"column":25}}],"line":369}},"s":{"0":32,"1":0,"2":0,"3":0,"4":0,"5":0,"6":0,"7":16,"8":16,"9":16,"10":16,"11":16,"12":16,"13":0,"14":16,"15":0,"16":16,"17":16,"18":16,"19":16,"20":0,"21":16,"22":16,"23":1,"24":16,"25":1,"26":0,"27":16,"28":16,"29":16,"30":16,"31":16,"32":16,"33":1,"34":16,"35":0,"36":0,"37":0,"38":0,"39":0,"40":15,"41":15,"42":15,"43":15,"44":15,"45":15,"46":1,"47":14,"48":1,"49":13,"50":15,"51":0,"52":0,"53":15,"54":15,"55":15,"56":15,"57":11,"58":4,"59":2,"60":2,"61":2,"62":0,"63":0,"64":2,"65":15,"66":15,"67":15,"68":15,"69":15,"70":0,"71":15,"72":1,"73":0,"74":0,"75":0,"76":0,"77":0,"78":0,"79":0,"80":0,"81":1,"82":1,"83":15,"84":0,"85":0,"86":0,"87":0,"88":0,"89":15,"90":32,"91":2,"92":30,"93":30,"94":30,"95":30,"96":2,"97":28,"98":2,"99":26,"100":2,"101":24,"102":2,"103":22,"104":30,"105":30,"106":0,"107":2,"108":0,"109":0,"110":0,"111":2,"112":17,"113":17,"114":34,"115":34,"116":32,"117":34,"118":2},"f":{"0":32,"1":0,"2":16,"3":16,"4":16,"5":0,"6":16,"7":0,"8":0,"9":15,"10":15,"11":0,"12":15,"13":32,"14":2,"15":0,"16":17,"17":34,"18":34,"19":32,"20":34,"21":2},"b":{"0":[32],"1":[0,0],"2":[0,16],"3":[0,16],"4":[16,15],"5":[0,16],"6":[1,15],"7":[1,15],"8":[1,15],"9":[0,0],"10":[0,0],"11":[1,14],"12":[1,13],"13":[12,1],"14":[15,0],"15":[11,4],"16":[2,2],"17":[2,0],"18":[0,15],"19":[1,14],"20":[0,1],"21":[0,0],"22":[0,15],"23":[0,0],"24":[2,30],"25":[2,28],"26":[2,26],"27":[2,24],"28":[2,22],"29":[0,22],"30":[30,0],"31":[0,2],"32":[0,17],"33":[1,16],"34":[0,16],"35":[1,16],"36":[1,15],"37":[16,1],"38":[17,1]},"_coverageSchema":"332fd63041d2c1bcb487cc26dd0d5f7d97098a6c","hash":"280e6bc37ef74ac8fdd698b1fd975c5942c74538"}
}
