{"/Users/vchenhu/Projects/Pearson/Origami/coach-mark/src/js/component-owner.js": {"path":"/Users/vchenhu/Projects/Pearson/Origami/coach-mark/src/js/component-owner.js","statementMap":{"0":{"start":{"line":14,"column":2},"end":{"line":14,"column":15}},"1":{"start":{"line":19,"column":2},"end":{"line":25,"column":3}},"2":{"start":{"line":20,"column":3},"end":{"line":20,"column":46}},"3":{"start":{"line":21,"column":3},"end":{"line":21,"column":40}},"4":{"start":{"line":23,"column":3},"end":{"line":23,"column":40}},"5":{"start":{"line":24,"column":3},"end":{"line":24,"column":29}},"6":{"start":{"line":27,"column":2},"end":{"line":27,"column":28}},"7":{"start":{"line":28,"column":2},"end":{"line":32,"column":4}},"8":{"start":{"line":34,"column":2},"end":{"line":39,"column":3}},"9":{"start":{"line":35,"column":3},"end":{"line":35,"column":42}},"10":{"start":{"line":38,"column":3},"end":{"line":38,"column":62}},"11":{"start":{"line":43,"column":26},"end":{"line":43,"column":41}},"12":{"start":{"line":45,"column":2},"end":{"line":53,"column":3}},"13":{"start":{"line":46,"column":3},"end":{"line":52,"column":5}},"14":{"start":{"line":48,"column":66},"end":{"line":48,"column":99}},"15":{"start":{"line":55,"column":2},"end":{"line":95,"column":3}},"16":{"start":{"line":56,"column":16},"end":{"line":56,"column":31}},"17":{"start":{"line":57,"column":20},"end":{"line":57,"column":22}},"18":{"start":{"line":58,"column":18},"end":{"line":58,"column":65}},"19":{"start":{"line":59,"column":18},"end":{"line":61,"column":4}},"20":{"start":{"line":62,"column":21},"end":{"line":66,"column":4}},"21":{"start":{"line":63,"column":4},"end":{"line":63,"column":38}},"22":{"start":{"line":64,"column":4},"end":{"line":64,"column":59}},"23":{"start":{"line":65,"column":4},"end":{"line":65,"column":27}},"24":{"start":{"line":67,"column":21},"end":{"line":71,"column":4}},"25":{"start":{"line":68,"column":4},"end":{"line":68,"column":38}},"26":{"start":{"line":69,"column":4},"end":{"line":69,"column":51}},"27":{"start":{"line":70,"column":4},"end":{"line":70,"column":27}},"28":{"start":{"line":72,"column":3},"end":{"line":79,"column":4}},"29":{"start":{"line":73,"column":4},"end":{"line":77,"column":6}},"30":{"start":{"line":78,"column":4},"end":{"line":78,"column":28}},"31":{"start":{"line":80,"column":3},"end":{"line":82,"column":4}},"32":{"start":{"line":81,"column":4},"end":{"line":81,"column":61}},"33":{"start":{"line":84,"column":3},"end":{"line":94,"column":5}},"34":{"start":{"line":97,"column":2},"end":{"line":97,"column":12}},"35":{"start":{"line":101,"column":2},"end":{"line":107,"column":3}},"36":{"start":{"line":102,"column":3},"end":{"line":106,"column":5}},"37":{"start":{"line":108,"column":2},"end":{"line":108,"column":12}},"38":{"start":{"line":112,"column":17},"end":{"line":112,"column":36}},"39":{"start":{"line":113,"column":19},"end":{"line":113,"column":37}},"40":{"start":{"line":114,"column":29},"end":{"line":114,"column":31}},"41":{"start":{"line":116,"column":2},"end":{"line":118,"column":3}},"42":{"start":{"line":117,"column":3},"end":{"line":117,"column":41}},"43":{"start":{"line":120,"column":2},"end":{"line":149,"column":4}},"44":{"start":{"line":137,"column":59},"end":{"line":137,"column":92}}},"fnMap":{"0":{"name":"(anonymous_0)","decl":{"start":{"line":13,"column":1},"end":{"line":13,"column":2}},"loc":{"start":{"line":13,"column":20},"end":{"line":15,"column":2}},"line":13},"1":{"name":"(anonymous_1)","decl":{"start":{"line":17,"column":1},"end":{"line":17,"column":2}},"loc":{"start":{"line":17,"column":50},"end":{"line":40,"column":2}},"line":17},"2":{"name":"(anonymous_2)","decl":{"start":{"line":42,"column":1},"end":{"line":42,"column":2}},"loc":{"start":{"line":42,"column":16},"end":{"line":98,"column":2}},"line":42},"3":{"name":"(anonymous_3)","decl":{"start":{"line":48,"column":55},"end":{"line":48,"column":56}},"loc":{"start":{"line":48,"column":66},"end":{"line":48,"column":99}},"line":48},"4":{"name":"(anonymous_4)","decl":{"start":{"line":62,"column":21},"end":{"line":62,"column":22}},"loc":{"start":{"line":62,"column":32},"end":{"line":66,"column":4}},"line":62},"5":{"name":"(anonymous_5)","decl":{"start":{"line":67,"column":21},"end":{"line":67,"column":22}},"loc":{"start":{"line":67,"column":32},"end":{"line":71,"column":4}},"line":67},"6":{"name":"(anonymous_6)","decl":{"start":{"line":100,"column":1},"end":{"line":100,"column":2}},"loc":{"start":{"line":100,"column":15},"end":{"line":109,"column":2}},"line":100},"7":{"name":"(anonymous_7)","decl":{"start":{"line":111,"column":1},"end":{"line":111,"column":2}},"loc":{"start":{"line":111,"column":10},"end":{"line":150,"column":2}},"line":111},"8":{"name":"(anonymous_8)","decl":{"start":{"line":137,"column":48},"end":{"line":137,"column":49}},"loc":{"start":{"line":137,"column":59},"end":{"line":137,"column":92}},"line":137}},"branchMap":{"0":{"loc":{"start":{"line":19,"column":2},"end":{"line":25,"column":3}},"type":"if","locations":[{"start":{"line":19,"column":2},"end":{"line":25,"column":3}},{"start":{"line":19,"column":2},"end":{"line":25,"column":3}}],"line":19},"1":{"loc":{"start":{"line":34,"column":2},"end":{"line":39,"column":3}},"type":"if","locations":[{"start":{"line":34,"column":2},"end":{"line":39,"column":3}},{"start":{"line":34,"column":2},"end":{"line":39,"column":3}}],"line":34},"2":{"loc":{"start":{"line":45,"column":2},"end":{"line":53,"column":3}},"type":"if","locations":[{"start":{"line":45,"column":2},"end":{"line":53,"column":3}},{"start":{"line":45,"column":2},"end":{"line":53,"column":3}}],"line":45},"3":{"loc":{"start":{"line":49,"column":7},"end":{"line":49,"column":65}},"type":"binary-expr","locations":[{"start":{"line":49,"column":7},"end":{"line":49,"column":32}},{"start":{"line":49,"column":36},"end":{"line":49,"column":65}}],"line":49},"4":{"loc":{"start":{"line":55,"column":2},"end":{"line":95,"column":3}},"type":"if","locations":[{"start":{"line":55,"column":2},"end":{"line":95,"column":3}},{"start":{"line":55,"column":2},"end":{"line":95,"column":3}}],"line":55},"5":{"loc":{"start":{"line":55,"column":5},"end":{"line":55,"column":57}},"type":"binary-expr","locations":[{"start":{"line":55,"column":5},"end":{"line":55,"column":30}},{"start":{"line":55,"column":34},"end":{"line":55,"column":57}}],"line":55},"6":{"loc":{"start":{"line":58,"column":18},"end":{"line":58,"column":65}},"type":"binary-expr","locations":[{"start":{"line":58,"column":18},"end":{"line":58,"column":32}},{"start":{"line":58,"column":36},"end":{"line":58,"column":65}}],"line":58},"7":{"loc":{"start":{"line":72,"column":3},"end":{"line":79,"column":4}},"type":"if","locations":[{"start":{"line":72,"column":3},"end":{"line":79,"column":4}},{"start":{"line":72,"column":3},"end":{"line":79,"column":4}}],"line":72},"8":{"loc":{"start":{"line":72,"column":6},"end":{"line":72,"column":44}},"type":"binary-expr","locations":[{"start":{"line":72,"column":6},"end":{"line":72,"column":24}},{"start":{"line":72,"column":28},"end":{"line":72,"column":44}}],"line":72},"9":{"loc":{"start":{"line":75,"column":13},"end":{"line":75,"column":62}},"type":"binary-expr","locations":[{"start":{"line":75,"column":13},"end":{"line":75,"column":30}},{"start":{"line":75,"column":34},"end":{"line":75,"column":62}}],"line":75},"10":{"loc":{"start":{"line":80,"column":3},"end":{"line":82,"column":4}},"type":"if","locations":[{"start":{"line":80,"column":3},"end":{"line":82,"column":4}},{"start":{"line":80,"column":3},"end":{"line":82,"column":4}}],"line":80},"11":{"loc":{"start":{"line":81,"column":15},"end":{"line":81,"column":60}},"type":"binary-expr","locations":[{"start":{"line":81,"column":15},"end":{"line":81,"column":28}},{"start":{"line":81,"column":32},"end":{"line":81,"column":60}}],"line":81},"12":{"loc":{"start":{"line":101,"column":2},"end":{"line":107,"column":3}},"type":"if","locations":[{"start":{"line":101,"column":2},"end":{"line":107,"column":3}},{"start":{"line":101,"column":2},"end":{"line":107,"column":3}}],"line":101},"13":{"loc":{"start":{"line":101,"column":5},"end":{"line":101,"column":57}},"type":"binary-expr","locations":[{"start":{"line":101,"column":5},"end":{"line":101,"column":30}},{"start":{"line":101,"column":34},"end":{"line":101,"column":57}}],"line":101},"14":{"loc":{"start":{"line":116,"column":2},"end":{"line":118,"column":3}},"type":"if","locations":[{"start":{"line":116,"column":2},"end":{"line":118,"column":3}},{"start":{"line":116,"column":2},"end":{"line":118,"column":3}}],"line":116},"15":{"loc":{"start":{"line":121,"column":86},"end":{"line":121,"column":115}},"type":"binary-expr","locations":[{"start":{"line":121,"column":86},"end":{"line":121,"column":108}},{"start":{"line":121,"column":112},"end":{"line":121,"column":115}}],"line":121}},"s":{"0":0,"1":0,"2":0,"3":0,"4":0,"5":0,"6":0,"7":0,"8":0,"9":0,"10":0,"11":0,"12":0,"13":0,"14":0,"15":0,"16":0,"17":0,"18":0,"19":0,"20":0,"21":0,"22":0,"23":0,"24":0,"25":0,"26":0,"27":0,"28":0,"29":0,"30":0,"31":0,"32":0,"33":0,"34":0,"35":0,"36":0,"37":0,"38":0,"39":0,"40":0,"41":0,"42":0,"43":0,"44":0},"f":{"0":0,"1":0,"2":0,"3":0,"4":0,"5":0,"6":0,"7":0,"8":0},"b":{"0":[0,0],"1":[0,0],"2":[0,0],"3":[0,0],"4":[0,0],"5":[0,0],"6":[0,0],"7":[0,0],"8":[0,0],"9":[0,0],"10":[0,0],"11":[0,0],"12":[0,0],"13":[0,0],"14":[0,0],"15":[0,0]},"_coverageSchema":"332fd63041d2c1bcb487cc26dd0d5f7d97098a6c","hash":"89ab5da4f1dd229bd46aac71c1f9ea67de91ac5e"}
,"/Users/vchenhu/Projects/Pearson/Origami/coach-mark/src/js/defaultMessages.js": {"path":"/Users/vchenhu/Projects/Pearson/Origami/coach-mark/src/js/defaultMessages.js","statementMap":{"0":{"start":{"line":6,"column":24},"end":{"line":27,"column":2}}},"fnMap":{},"branchMap":{},"s":{"0":1},"f":{},"b":{},"_coverageSchema":"332fd63041d2c1bcb487cc26dd0d5f7d97098a6c","hash":"38e6d63c20cb02d72adab485e496d90ad9e98f66"}
}
