TN:
SF:/Users/udavig4/Git/coach-mark/src/js/component-owner.js
FN:14,focusWithTimeout
FN:15,(anonymous_1)
FN:66,(anonymous_2)
FN:76,(anonymous_3)
FN:88,(anonymous_4)
FN:105,(anonymous_5)
FN:114,(anonymous_6)
FN:125,(anonymous_7)
FN:131,(anonymous_8)
FN:140,(anonymous_9)
FN:155,(anonymous_10)
FN:173,(anonymous_11)
FN:184,(anonymous_12)
FN:255,(anonymous_13)
FN:284,(anonymous_14)
FN:287,(anonymous_15)
FN:295,(anonymous_16)
FN:305,(anonymous_17)
FN:319,(anonymous_18)
FN:336,(anonymous_19)
FN:352,(anonymous_20)
FN:374,(anonymous_21)
FNF:22
FNH:16
FNDA:32,focusWithTimeout
FNDA:0,(anonymous_1)
FNDA:16,(anonymous_2)
FNDA:16,(anonymous_3)
FNDA:16,(anonymous_4)
FNDA:0,(anonymous_5)
FNDA:16,(anonymous_6)
FNDA:0,(anonymous_7)
FNDA:0,(anonymous_8)
FNDA:15,(anonymous_9)
FNDA:15,(anonymous_10)
FNDA:0,(anonymous_11)
FNDA:15,(anonymous_12)
FNDA:32,(anonymous_13)
FNDA:2,(anonymous_14)
FNDA:0,(anonymous_15)
FNDA:17,(anonymous_16)
FNDA:34,(anonymous_17)
FNDA:34,(anonymous_18)
FNDA:32,(anonymous_19)
FNDA:34,(anonymous_20)
FNDA:2,(anonymous_21)
DA:15,32
DA:16,0
DA:17,0
DA:19,0
DA:20,0
DA:21,0
DA:22,0
DA:67,16
DA:68,16
DA:71,16
DA:72,16
DA:73,16
DA:77,16
DA:78,0
DA:81,16
DA:82,0
DA:85,16
DA:89,16
DA:90,16
DA:93,16
DA:94,0
DA:97,16
DA:99,16
DA:100,1
DA:103,16
DA:105,1
DA:106,0
DA:110,16
DA:111,16
DA:115,16
DA:116,16
DA:117,16
DA:119,16
DA:120,1
DA:122,16
DA:126,0
DA:127,0
DA:132,0
DA:134,0
DA:136,0
DA:141,15
DA:144,15
DA:145,15
DA:152,15
DA:155,15
DA:157,15
DA:158,1
DA:161,14
DA:162,1
DA:166,13
DA:173,15
DA:176,0
DA:177,0
DA:181,15
DA:182,15
DA:184,15
DA:185,15
DA:186,11
DA:187,4
DA:188,2
DA:189,2
DA:190,2
DA:196,0
DA:197,0
DA:200,2
DA:204,15
DA:207,15
DA:208,15
DA:211,15
DA:212,15
DA:213,0
DA:217,15
DA:218,1
DA:219,0
DA:220,0
DA:221,0
DA:222,0
DA:226,0
DA:227,0
DA:229,0
DA:230,0
DA:233,1
DA:234,1
DA:239,15
DA:240,0
DA:242,0
DA:243,0
DA:244,0
DA:246,0
DA:250,15
DA:256,32
DA:257,2
DA:260,30
DA:262,30
DA:264,30
DA:267,30
DA:268,2
DA:269,28
DA:270,2
DA:271,26
DA:272,2
DA:273,24
DA:274,2
DA:276,22
DA:278,30
DA:279,30
DA:281,0
DA:285,2
DA:286,0
DA:287,0
DA:288,0
DA:291,2
DA:296,17
DA:297,17
DA:306,34
DA:320,34
DA:336,32
DA:353,34
DA:374,2
LF:119
LH:82
BRDA:14,0,0,32
BRDA:16,1,0,0
BRDA:16,1,1,0
BRDA:77,2,0,0
BRDA:77,2,1,16
BRDA:81,3,0,0
BRDA:81,3,1,16
BRDA:90,4,0,16
BRDA:90,4,1,15
BRDA:93,5,0,0
BRDA:93,5,1,16
BRDA:99,6,0,1
BRDA:99,6,1,15
BRDA:103,7,0,1
BRDA:103,7,1,15
BRDA:119,8,0,1
BRDA:119,8,1,15
BRDA:126,9,0,0
BRDA:126,9,1,0
BRDA:132,10,0,0
BRDA:132,10,1,0
BRDA:157,11,0,1
BRDA:157,11,1,14
BRDA:161,12,0,1
BRDA:161,12,1,13
BRDA:168,13,0,12
BRDA:168,13,1,1
BRDA:181,14,0,15
BRDA:181,14,1,0
BRDA:185,15,0,11
BRDA:185,15,1,4
BRDA:187,16,0,2
BRDA:187,16,1,2
BRDA:188,17,0,2
BRDA:188,17,1,0
BRDA:212,18,0,0
BRDA:212,18,1,15
BRDA:217,19,0,1
BRDA:217,19,1,14
BRDA:218,20,0,0
BRDA:218,20,1,1
BRDA:222,21,0,0
BRDA:222,21,1,0
BRDA:239,22,0,0
BRDA:239,22,1,15
BRDA:243,23,0,0
BRDA:243,23,1,0
BRDA:256,24,0,2
BRDA:256,24,1,30
BRDA:267,25,0,2
BRDA:267,25,1,28
BRDA:269,26,0,2
BRDA:269,26,1,26
BRDA:271,27,0,2
BRDA:271,27,1,24
BRDA:273,28,0,2
BRDA:273,28,1,22
BRDA:276,29,0,0
BRDA:276,29,1,22
BRDA:278,30,0,30
BRDA:278,30,1,0
BRDA:285,31,0,0
BRDA:285,31,1,2
BRDA:299,32,0,0
BRDA:299,32,1,17
BRDA:310,33,0,1
BRDA:310,33,1,16
BRDA:312,34,0,0
BRDA:312,34,1,16
BRDA:323,35,0,1
BRDA:323,35,1,16
BRDA:325,36,0,1
BRDA:325,36,1,15
BRDA:330,37,0,16
BRDA:330,37,1,1
BRDA:369,38,0,17
BRDA:369,38,1,1
BRF:77
BRH:54
end_of_record
